<?xml version="1.0" encoding="UTF-8"?>
<!-- Generated by org.testng.reporters.JUnitReportReporter -->
<testsuite skipped="0" hostname="LAPTOP-C602MAGA" name="com.mycompany.app.SoapAPITest" tests="2" failures="0" timestamp="03 Jun 2019 16:40:52 GMT" time="0.000" errors="0">
  <testcase name="four" time="0.000" classname="com.mycompany.app.SoapAPITest"/>
  <testcase name="third" time="0.000" classname="com.mycompany.app.SoapAPITest"/>
</testsuite> <!-- com.mycompany.app.SoapAPITest -->
